{"uuid":"2a3d0ec1-8422-4bcd-8621-21316f9e7381","historyId":"3cf113ec4688cb01b3174dad775d5ca2","testCaseId":"922452dfa2fb835667ce5f58aa477f3d","fullName":"src/test/java/org/saucelabs/features/api/Register.feature:4","labels":[{"name":"tag","value":"api"},{"name":"host","value":"RangaswamyD"},{"name":"thread","value":"11732@RangaswamyD.main(1)"},{"name":"feature","value":"Register API"},{"name":"story","value":"Successful user registration"},{"name":"suite","value":"Register API"},{"name":"testClass","value":"Successful user registration"},{"name":"framework","value":"cucumber4jvm"},{"name":"language","value":"java"},{"name":"gherkin_uri","value":"file:///C:/Users/Rangaswamy%20D/OneDrive/Desktop/BddFrameWork/src/test/java/org/saucelabs/features/api/Register.feature"},{"name":"package","value":"src.test.java.org.saucelabs.features.api.Register_feature.Register API"}],"links":[],"name":"Successful user registration","status":"failed","statusDetails":{"known":false,"muted":false,"flaky":false,"message":"expected [200] but found [403]","trace":"java.lang.AssertionError: expected [200] but found [403]\r\n\tat org.testng.Assert.fail(Assert.java:111)\r\n\tat org.testng.Assert.failNotEquals(Assert.java:1590)\r\n\tat org.testng.Assert.assertEqualsImpl(Assert.java:150)\r\n\tat org.testng.Assert.assertEquals(Assert.java:132)\r\n\tat org.testng.Assert.assertEquals(Assert.java:1431)\r\n\tat org.testng.Assert.assertEquals(Assert.java:1395)\r\n\tat org.testng.Assert.assertEquals(Assert.java:1441)\r\n\tat org.saucelabs.api.stepdefinitions.RegisterSteps.verifyStatus(RegisterSteps.java:44)\r\n\tat ✽.the status code should be 200(file:///C:/Users/Rangaswamy%20D/OneDrive/Desktop/BddFrameWork/src/test/java/org/saucelabs/features/api/Register.feature:7)\r\n"},"stage":"finished","steps":[{"name":"Given the user prepares register payload with username \"john123\" email \"john@test.com\" password \"pass123\"","status":"passed","statusDetails":{"known":false,"muted":false,"flaky":false},"stage":"finished","steps":[],"attachments":[],"parameters":[],"start":1764691920547,"stop":1764691920581},{"name":"And the user sends the register API request","status":"passed","statusDetails":{"known":false,"muted":false,"flaky":false},"stage":"finished","steps":[],"attachments":[],"parameters":[],"start":1764691920593,"stop":1764691922333},{"name":"Then the status code should be 200","status":"failed","statusDetails":{"known":false,"muted":false,"flaky":false,"message":"expected [200] but found [403]","trace":"java.lang.AssertionError: expected [200] but found [403]\r\n\tat org.testng.Assert.fail(Assert.java:111)\r\n\tat org.testng.Assert.failNotEquals(Assert.java:1590)\r\n\tat org.testng.Assert.assertEqualsImpl(Assert.java:150)\r\n\tat org.testng.Assert.assertEquals(Assert.java:132)\r\n\tat org.testng.Assert.assertEquals(Assert.java:1431)\r\n\tat org.testng.Assert.assertEquals(Assert.java:1395)\r\n\tat org.testng.Assert.assertEquals(Assert.java:1441)\r\n\tat org.saucelabs.api.stepdefinitions.RegisterSteps.verifyStatus(RegisterSteps.java:44)\r\n\tat ✽.the status code should be 200(file:///C:/Users/Rangaswamy%20D/OneDrive/Desktop/BddFrameWork/src/test/java/org/saucelabs/features/api/Register.feature:7)\r\n"},"stage":"finished","steps":[],"attachments":[],"parameters":[],"start":1764691922333,"stop":1764691922356},{"name":"And the register response must contain id and token","status":"skipped","statusDetails":{"known":false,"muted":false,"flaky":false},"stage":"finished","steps":[],"attachments":[],"parameters":[],"start":1764691922357,"stop":1764691922358}],"attachments":[],"parameters":[],"start":1764691919467,"stop":1764691922399}